2025-11-13 22:02:57 [main] INFO  c.e.c.CulturalXinjiangApplication - Starting CulturalXinjiangApplication using Java 20.0.2 with PID 11084 (D:\APPdalley\xinjiang\backend\target\classes started by heji in D:\APPdalley\xinjiang\backend)
2025-11-13 22:02:57 [main] DEBUG c.e.c.CulturalXinjiangApplication - Running with Spring Boot v3.2.0, Spring v6.1.1
2025-11-13 22:02:57 [main] INFO  c.e.c.CulturalXinjiangApplication - No active profile set, falling back to 1 default profile: "default"
2025-11-13 22:03:02 [main] INFO  o.s.d.r.c.RepositoryConfigurationDelegate - Multiple Spring Data modules found, entering strict repository configuration mode
2025-11-13 22:03:02 [main] INFO  o.s.d.r.c.RepositoryConfigurationDelegate - Bootstrapping Spring Data JPA repositories in DEFAULT mode.
2025-11-13 22:03:04 [main] INFO  o.s.d.r.c.RepositoryConfigurationDelegate - Finished Spring Data repository scanning in 1197 ms. Found 10 JPA repository interfaces.
2025-11-13 22:03:06 [main] ERROR o.a.c.core.AprLifecycleListener - An incompatible version [1.2.18] of the Apache Tomcat Native library is installed, while Tomcat requires version [1.2.34]
2025-11-13 22:03:08 [main] INFO  o.s.b.w.e.tomcat.TomcatWebServer - Tomcat initialized with port 8080 (http)
2025-11-13 22:03:08 [main] INFO  o.a.catalina.core.StandardService - Starting service [Tomcat]
2025-11-13 22:03:08 [main] INFO  o.a.catalina.core.StandardEngine - Starting Servlet engine: [Apache Tomcat/10.1.16]
2025-11-13 22:03:08 [main] INFO  o.a.c.c.C.[.[localhost].[/api] - Initializing Spring embedded WebApplicationContext
2025-11-13 22:03:08 [main] INFO  o.s.b.w.s.c.ServletWebServerApplicationContext - Root WebApplicationContext: initialization completed in 10776 ms
2025-11-13 22:03:12 [main] INFO  o.h.jpa.internal.util.LogHelper - HHH000204: Processing PersistenceUnitInfo [name: default]
2025-11-13 22:03:13 [main] INFO  org.hibernate.Version - HHH000412: Hibernate ORM core version 6.3.1.Final
2025-11-13 22:03:13 [main] INFO  o.h.c.i.RegionFactoryInitiator - HHH000026: Second-level cache disabled
2025-11-13 22:03:14 [main] INFO  o.s.o.j.p.SpringPersistenceUnitInfo - No LoadTimeWeaver setup: ignoring JPA class transformer
2025-11-13 22:03:14 [main] INFO  com.zaxxer.hikari.HikariDataSource - HikariPool-1 - Starting...
2025-11-13 22:03:15 [main] INFO  com.zaxxer.hikari.pool.HikariPool - HikariPool-1 - Added connection com.mysql.cj.jdbc.ConnectionImpl@4a3516fd
2025-11-13 22:03:15 [main] INFO  com.zaxxer.hikari.HikariDataSource - HikariPool-1 - Start completed.
2025-11-13 22:03:15 [main] WARN  org.hibernate.orm.deprecation - HHH90000025: MySQLDialect does not need to be specified explicitly using 'hibernate.dialect' (remove the property setting and it will be selected by default)
2025-11-13 22:03:28 [main] INFO  o.h.e.t.j.p.i.JtaPlatformInitiator - HHH000489: No JTA platform available (set 'hibernate.transaction.jta.platform' to enable JTA platform integration)
2025-11-13 22:03:30 [main] INFO  o.s.o.j.LocalContainerEntityManagerFactoryBean - Initialized JPA EntityManagerFactory for persistence unit 'default'
2025-11-13 22:03:34 [main] DEBUG c.e.c.s.JwtAuthenticationFilter - Filter 'jwtAuthenticationFilter' configured for use
2025-11-13 22:03:34 [main] INFO  o.s.d.j.r.query.QueryEnhancerFactory - Hibernate is in classpath; If applicable, HQL parser will be used.
2025-11-13 22:03:48 [main] INFO  o.s.b.a.e.web.EndpointLinksResolver - Exposing 3 endpoint(s) beneath base path '/actuator'
2025-11-13 22:03:49 [main] INFO  o.s.s.web.DefaultSecurityFilterChain - Will secure any request with [org.springframework.security.web.session.DisableEncodeUrlFilter@d78c346, org.springframework.security.web.context.request.async.WebAsyncManagerIntegrationFilter@781223fc, org.springframework.security.web.context.SecurityContextHolderFilter@8a9ebbe, org.springframework.security.web.header.HeaderWriterFilter@3ed476a8, org.springframework.web.filter.CorsFilter@6746c3ef, org.springframework.security.web.authentication.logout.LogoutFilter@119a8125, com.example.culturalxinjiang.security.JwtAuthenticationFilter@19cee7ed, org.springframework.security.web.savedrequest.RequestCacheAwareFilter@45a8b90f, org.springframework.security.web.servletapi.SecurityContextHolderAwareRequestFilter@54c252a4, org.springframework.security.web.authentication.AnonymousAuthenticationFilter@73b6167d, org.springframework.security.web.session.SessionManagementFilter@489b0369, org.springframework.security.web.access.ExceptionTranslationFilter@aa3e0d7, org.springframework.security.web.access.intercept.AuthorizationFilter@5f70053e]
2025-11-13 22:03:53 [main] INFO  o.s.b.w.e.tomcat.TomcatWebServer - Tomcat started on port 8080 (http) with context path '/api'
2025-11-13 22:03:53 [main] INFO  c.e.c.CulturalXinjiangApplication - Started CulturalXinjiangApplication in 57.29 seconds (process running for 61.023)
2025-11-13 22:04:18 [http-nio-8080-exec-1] INFO  o.a.c.c.C.[.[localhost].[/api] - Initializing Spring DispatcherServlet 'dispatcherServlet'
2025-11-13 22:04:18 [http-nio-8080-exec-1] INFO  o.s.web.servlet.DispatcherServlet - Initializing Servlet 'dispatcherServlet'
2025-11-13 22:04:18 [http-nio-8080-exec-1] INFO  o.s.web.servlet.DispatcherServlet - Completed initialization in 5 ms
2025-11-13 22:04:18 [http-nio-8080-exec-1] DEBUG o.s.security.web.FilterChainProxy - Securing GET /user/info
2025-11-13 22:04:19 [http-nio-8080-exec-1] WARN  o.s.w.s.h.HandlerMappingIntrospector - Cache miss for REQUEST dispatch to '/api/user/info' (previous null). Performing MatchableHandlerMapping lookup. This is logged once only at WARN level, and every time at TRACE.
2025-11-13 22:04:19 [http-nio-8080-exec-1] DEBUG o.s.security.web.FilterChainProxy - Secured GET /user/info
2025-11-13 22:04:23 [http-nio-8080-exec-4] DEBUG o.s.security.web.FilterChainProxy - Securing GET /culture/hot?limit=8
2025-11-13 22:04:23 [http-nio-8080-exec-3] DEBUG o.s.security.web.FilterChainProxy - Securing GET /events?page=1&size=4
2025-11-13 22:04:23 [http-nio-8080-exec-2] DEBUG o.s.security.web.FilterChainProxy - Securing GET /culture/recommended?limit=8
2025-11-13 22:04:23 [http-nio-8080-exec-5] DEBUG o.s.security.web.FilterChainProxy - Securing GET /carousel
2025-11-13 22:04:23 [http-nio-8080-exec-2] DEBUG o.s.security.web.FilterChainProxy - Secured GET /culture/recommended?limit=8
2025-11-13 22:04:23 [http-nio-8080-exec-3] DEBUG o.s.security.web.FilterChainProxy - Secured GET /events?page=1&size=4
2025-11-13 22:04:23 [http-nio-8080-exec-4] DEBUG o.s.security.web.FilterChainProxy - Secured GET /culture/hot?limit=8
2025-11-13 22:04:23 [http-nio-8080-exec-5] DEBUG o.s.security.web.FilterChainProxy - Secured GET /carousel
2025-11-13 22:04:24 [http-nio-8080-exec-7] DEBUG o.s.security.web.FilterChainProxy - Securing GET /uploads/cdd764b2-3533-46e7-83db-f936cd7f5030.jpg
2025-11-13 22:04:24 [http-nio-8080-exec-7] DEBUG o.s.s.w.a.AnonymousAuthenticationFilter - Set SecurityContextHolder to anonymous SecurityContext
2025-11-13 22:04:24 [http-nio-8080-exec-9] DEBUG o.s.security.web.FilterChainProxy - Securing GET /uploads/7efaf92c-d285-40e0-806e-08aa6caae790.jpg
2025-11-13 22:04:24 [http-nio-8080-exec-6] DEBUG o.s.security.web.FilterChainProxy - Securing GET /uploads/798041bb-7425-403e-ac5d-9dcf98775ab3.jpg
2025-11-13 22:04:24 [http-nio-8080-exec-8] DEBUG o.s.security.web.FilterChainProxy - Securing GET /uploads/979eec6d-5916-46ac-ab63-fb5bd27cc632.jpg
2025-11-13 22:04:24 [http-nio-8080-exec-9] DEBUG o.s.s.w.a.AnonymousAuthenticationFilter - Set SecurityContextHolder to anonymous SecurityContext
2025-11-13 22:04:24 [http-nio-8080-exec-6] DEBUG o.s.s.w.a.AnonymousAuthenticationFilter - Set SecurityContextHolder to anonymous SecurityContext
2025-11-13 22:04:24 [http-nio-8080-exec-8] DEBUG o.s.s.w.a.AnonymousAuthenticationFilter - Set SecurityContextHolder to anonymous SecurityContext
2025-11-13 22:04:24 [http-nio-8080-exec-8] DEBUG o.s.security.web.FilterChainProxy - Secured GET /uploads/979eec6d-5916-46ac-ab63-fb5bd27cc632.jpg
2025-11-13 22:04:24 [http-nio-8080-exec-6] DEBUG o.s.security.web.FilterChainProxy - Secured GET /uploads/798041bb-7425-403e-ac5d-9dcf98775ab3.jpg
2025-11-13 22:04:24 [http-nio-8080-exec-9] DEBUG o.s.security.web.FilterChainProxy - Secured GET /uploads/7efaf92c-d285-40e0-806e-08aa6caae790.jpg
2025-11-13 22:04:24 [http-nio-8080-exec-7] DEBUG o.s.security.web.FilterChainProxy - Secured GET /uploads/cdd764b2-3533-46e7-83db-f936cd7f5030.jpg
2025-11-13 22:04:37 [http-nio-8080-exec-10] DEBUG o.s.security.web.FilterChainProxy - Securing GET /admin/culture?page=1&size=10
2025-11-13 22:04:37 [http-nio-8080-exec-10] DEBUG o.s.security.web.FilterChainProxy - Secured GET /admin/culture?page=1&size=10
2025-11-13 22:04:41 [http-nio-8080-exec-1] DEBUG o.s.security.web.FilterChainProxy - Securing GET /admin/events?page=1&size=10
2025-11-13 22:04:41 [http-nio-8080-exec-1] DEBUG o.s.security.web.FilterChainProxy - Secured GET /admin/events?page=1&size=10
2025-11-13 22:04:41 [http-nio-8080-exec-5] DEBUG o.s.security.web.FilterChainProxy - Securing GET /uploads/cdd764b2-3533-46e7-83db-f936cd7f5030.jpg
2025-11-13 22:04:41 [http-nio-8080-exec-5] DEBUG o.s.s.w.a.AnonymousAuthenticationFilter - Set SecurityContextHolder to anonymous SecurityContext
2025-11-13 22:04:41 [http-nio-8080-exec-5] DEBUG o.s.security.web.FilterChainProxy - Secured GET /uploads/cdd764b2-3533-46e7-83db-f936cd7f5030.jpg
2025-11-13 22:04:49 [http-nio-8080-exec-4] DEBUG o.s.security.web.FilterChainProxy - Securing GET /admin/events?page=1&size=10&status=ongoing
2025-11-13 22:04:49 [http-nio-8080-exec-4] DEBUG o.s.security.web.FilterChainProxy - Secured GET /admin/events?page=1&size=10&status=ongoing
2025-11-13 22:04:51 [http-nio-8080-exec-2] DEBUG o.s.security.web.FilterChainProxy - Securing GET /admin/events?page=1&size=10&status=past
2025-11-13 22:04:51 [http-nio-8080-exec-2] DEBUG o.s.security.web.FilterChainProxy - Secured GET /admin/events?page=1&size=10&status=past
2025-11-13 22:04:54 [http-nio-8080-exec-3] DEBUG o.s.security.web.FilterChainProxy - Securing GET /admin/events?page=1&size=10&status=upcoming
2025-11-13 22:04:54 [http-nio-8080-exec-3] DEBUG o.s.security.web.FilterChainProxy - Secured GET /admin/events?page=1&size=10&status=upcoming
2025-11-13 22:05:01 [http-nio-8080-exec-8] DEBUG o.s.security.web.FilterChainProxy - Securing PUT /admin/events/3
2025-11-13 22:05:01 [http-nio-8080-exec-8] DEBUG o.s.security.web.FilterChainProxy - Secured PUT /admin/events/3
2025-11-13 22:05:02 [http-nio-8080-exec-6] DEBUG o.s.security.web.FilterChainProxy - Securing GET /admin/events?page=1&size=10&status=upcoming
2025-11-13 22:05:02 [http-nio-8080-exec-6] DEBUG o.s.security.web.FilterChainProxy - Secured GET /admin/events?page=1&size=10&status=upcoming
2025-11-13 22:05:05 [http-nio-8080-exec-7] DEBUG o.s.security.web.FilterChainProxy - Securing GET /admin/events?page=1&size=10&status=past
2025-11-13 22:05:05 [http-nio-8080-exec-7] DEBUG o.s.security.web.FilterChainProxy - Secured GET /admin/events?page=1&size=10&status=past
2025-11-13 22:05:08 [http-nio-8080-exec-9] DEBUG o.s.security.web.FilterChainProxy - Securing GET /admin/events?page=1&size=10&status=upcoming
2025-11-13 22:05:08 [http-nio-8080-exec-9] DEBUG o.s.security.web.FilterChainProxy - Secured GET /admin/events?page=1&size=10&status=upcoming
2025-11-13 22:05:11 [http-nio-8080-exec-10] DEBUG o.s.security.web.FilterChainProxy - Securing GET /admin/events?page=1&size=10
2025-11-13 22:05:11 [http-nio-8080-exec-10] DEBUG o.s.security.web.FilterChainProxy - Secured GET /admin/events?page=1&size=10
2025-11-13 22:05:11 [http-nio-8080-exec-1] DEBUG o.s.security.web.FilterChainProxy - Securing GET /uploads/cdd764b2-3533-46e7-83db-f936cd7f5030.jpg
2025-11-13 22:05:11 [http-nio-8080-exec-1] DEBUG o.s.s.w.a.AnonymousAuthenticationFilter - Set SecurityContextHolder to anonymous SecurityContext
2025-11-13 22:05:11 [http-nio-8080-exec-1] DEBUG o.s.security.web.FilterChainProxy - Secured GET /uploads/cdd764b2-3533-46e7-83db-f936cd7f5030.jpg
2025-11-13 22:05:24 [http-nio-8080-exec-5] DEBUG o.s.security.web.FilterChainProxy - Securing GET /admin/events/1/registrations
2025-11-13 22:05:24 [http-nio-8080-exec-5] DEBUG o.s.security.web.FilterChainProxy - Secured GET /admin/events/1/registrations
2025-11-13 22:05:31 [http-nio-8080-exec-4] DEBUG o.s.security.web.FilterChainProxy - Securing PUT /admin/events/1/registrations/1/approve
2025-11-13 22:05:31 [http-nio-8080-exec-4] DEBUG o.s.security.web.FilterChainProxy - Secured PUT /admin/events/1/registrations/1/approve
2025-11-13 22:05:31 [http-nio-8080-exec-2] DEBUG o.s.security.web.FilterChainProxy - Securing GET /admin/events/1/registrations
2025-11-13 22:05:31 [http-nio-8080-exec-2] DEBUG o.s.security.web.FilterChainProxy - Secured GET /admin/events/1/registrations
2025-11-13 22:05:31 [http-nio-8080-exec-3] DEBUG o.s.security.web.FilterChainProxy - Securing GET /admin/events?page=1&size=10
2025-11-13 22:05:31 [http-nio-8080-exec-3] DEBUG o.s.security.web.FilterChainProxy - Secured GET /admin/events?page=1&size=10
2025-11-13 22:05:34 [http-nio-8080-exec-8] DEBUG o.s.security.web.FilterChainProxy - Securing PUT /admin/events/1/registrations/3/approve
2025-11-13 22:05:34 [http-nio-8080-exec-8] DEBUG o.s.security.web.FilterChainProxy - Secured PUT /admin/events/1/registrations/3/approve
2025-11-13 22:05:34 [http-nio-8080-exec-6] DEBUG o.s.security.web.FilterChainProxy - Securing GET /admin/events/1/registrations
2025-11-13 22:05:34 [http-nio-8080-exec-6] DEBUG o.s.security.web.FilterChainProxy - Secured GET /admin/events/1/registrations
2025-11-13 22:05:34 [http-nio-8080-exec-7] DEBUG o.s.security.web.FilterChainProxy - Securing GET /admin/events?page=1&size=10
2025-11-13 22:05:34 [http-nio-8080-exec-7] DEBUG o.s.security.web.FilterChainProxy - Secured GET /admin/events?page=1&size=10
2025-11-13 22:05:40 [http-nio-8080-exec-9] DEBUG o.s.security.web.FilterChainProxy - Securing GET /admin/events/1/registrations
2025-11-13 22:05:40 [http-nio-8080-exec-9] DEBUG o.s.security.web.FilterChainProxy - Secured GET /admin/events/1/registrations
